Determining if the pthread_create exist failed with the following output:
Change Dir: /home/rs1/catkin_ws/src/rs1/Sprint2Sim/build/CMakeFiles/CMakeTmp

Run Build Command:"/usr/bin/make" "cmTC_543b2/fast"
/usr/bin/make -f CMakeFiles/cmTC_543b2.dir/build.make CMakeFiles/cmTC_543b2.dir/build
make[1]: Entering directory '/home/rs1/catkin_ws/src/rs1/Sprint2Sim/build/CMakeFiles/CMakeTmp'
Building C object CMakeFiles/cmTC_543b2.dir/CheckSymbolExists.c.o
/usr/bin/cc    -o CMakeFiles/cmTC_543b2.dir/CheckSymbolExists.c.o   -c /home/rs1/catkin_ws/src/rs1/Sprint2Sim/build/CMakeFiles/CMakeTmp/CheckSymbolExists.c
Linking C executable cmTC_543b2
/usr/bin/cmake -E cmake_link_script CMakeFiles/cmTC_543b2.dir/link.txt --verbose=1
/usr/bin/cc      -rdynamic CMakeFiles/cmTC_543b2.dir/CheckSymbolExists.c.o  -o cmTC_543b2 
CMakeFiles/cmTC_543b2.dir/CheckSymbolExists.c.o: In function `main':
CheckSymbolExists.c:(.text+0x1b): undefined reference to `pthread_create'
collect2: error: ld returned 1 exit status
CMakeFiles/cmTC_543b2.dir/build.make:97: recipe for target 'cmTC_543b2' failed
make[1]: *** [cmTC_543b2] Error 1
make[1]: Leaving directory '/home/rs1/catkin_ws/src/rs1/Sprint2Sim/build/CMakeFiles/CMakeTmp'
Makefile:126: recipe for target 'cmTC_543b2/fast' failed
make: *** [cmTC_543b2/fast] Error 2

File /home/rs1/catkin_ws/src/rs1/Sprint2Sim/build/CMakeFiles/CMakeTmp/CheckSymbolExists.c:
/* */
#include <pthread.h>

int main(int argc, char** argv)
{
  (void)argv;
#ifndef pthread_create
  return ((int*)(&pthread_create))[argc];
#else
  (void)argc;
  return 0;
#endif
}

Determining if the function pthread_create exists in the pthreads failed with the following output:
Change Dir: /home/rs1/catkin_ws/src/rs1/Sprint2Sim/build/CMakeFiles/CMakeTmp

Run Build Command:"/usr/bin/make" "cmTC_3e427/fast"
/usr/bin/make -f CMakeFiles/cmTC_3e427.dir/build.make CMakeFiles/cmTC_3e427.dir/build
make[1]: Entering directory '/home/rs1/catkin_ws/src/rs1/Sprint2Sim/build/CMakeFiles/CMakeTmp'
Building C object CMakeFiles/cmTC_3e427.dir/CheckFunctionExists.c.o
/usr/bin/cc   -DCHECK_FUNCTION_EXISTS=pthread_create   -o CMakeFiles/cmTC_3e427.dir/CheckFunctionExists.c.o   -c /usr/share/cmake-3.10/Modules/CheckFunctionExists.c
Linking C executable cmTC_3e427
/usr/bin/cmake -E cmake_link_script CMakeFiles/cmTC_3e427.dir/link.txt --verbose=1
/usr/bin/cc  -DCHECK_FUNCTION_EXISTS=pthread_create    -rdynamic CMakeFiles/cmTC_3e427.dir/CheckFunctionExists.c.o  -o cmTC_3e427 -lpthreads 
/usr/bin/ld: cannot find -lpthreads
collect2: error: ld returned 1 exit status
CMakeFiles/cmTC_3e427.dir/build.make:97: recipe for target 'cmTC_3e427' failed
make[1]: *** [cmTC_3e427] Error 1
make[1]: Leaving directory '/home/rs1/catkin_ws/src/rs1/Sprint2Sim/build/CMakeFiles/CMakeTmp'
Makefile:126: recipe for target 'cmTC_3e427/fast' failed
make: *** [cmTC_3e427/fast] Error 2


